Phase B provenance closure host=nodeaudible01 git=57d54d4dd82ca05814335064529c4716a146a0e0
?? results/s2p_route_b_phase_b_checkpoint_closure/
NVIDIA A100-SXM4-40GB, 40960 MiB
{
  "all_checkpoint_feature_equivalence_pass": true,
  "all_checkpoint_parameter_exact_pass": true,
  "all_checkpoint_sha256_pinned": true,
  "all_checkpoint_strict_reload_pass": true,
  "checkpoint_count_expected": 10,
  "checkpoint_count_immutable": 10,
  "checkpoint_selection_pretrain_val_only": true,
  "completed_at": "2026-07-11T01:10:13.333658+00:00",
  "deterministic_random_contracts": 1,
  "feature_equivalence_required_max_abs_diff": 0.0,
  "fine_tuning_launched": false,
  "h4000_launched": false,
  "mutable_checkpoint_path_used_by_b1": false,
  "phase": "B_checkpoint_provenance_closure",
  "phase_b1_compute_authorized": false,
  "phase_b1_go_recommended": true,
  "physical_checkpoint_payloads": 9,
  "released_reference_use": "path_validity_reference_only",
  "released_training_provenance_verified": false,
  "requires_pm_review_before_b1": true,
  "scientific_metrics_computed": false,
  "status": "PASS",
  "target_labels_used": false,
  "training_launched": false
}
{
  "all_checkpoint_feature_equivalence_pass": true,
  "all_checkpoint_sha256_pinned": true,
  "all_checkpoint_strict_reload_pass": true,
  "all_nonrandom_checkpoints_immutable": true,
  "checkpoint_count_expected": 10,
  "checkpoint_count_immutable": 10,
  "clip_group_crossfit_unique_and_exhaustive": true,
  "clip_grouping_pass": true,
  "clip_id_reliably_recovered": true,
  "cross_fitted_variance_partition_feasible": true,
  "empirical_metric_non_saturation": null,
  "empirical_metric_non_saturation_note": "Cannot be established without B1 scientific compute; fail-closed saturation rules are preregistered.",
  "equal_rank_subject_task_subspace_contract_pinned": true,
  "feature_path_deterministic_and_reproduced": true,
  "feature_path_reproduction_pass": true,
  "immutable_blocking_tags": [],
  "metric_definitions_frozen_before_b1": true,
  "mutable_checkpoint_path_used_by_b1": false,
  "next_allowed_action": "return_for_pm_phase_b1_decision",
  "phase": "B0_representation_emergence",
  "phase_b0_design_pass": true,
  "phase_b1_compute_authorized": false,
  "phase_b1_compute_recommended": true,
  "phase_b1_go_recommended": true,
  "raw_to_lmdb_clip_mapping_exact": true,
  "released_reference_use": "path_validity_reference_only",
  "released_training_provenance_verified": false,
  "requires_pm_review_before_b1": true,
  "source_only_fit_target_final_score_firewall_feasible": true
}
Phase B provenance closure and B0 rerun complete
