Phase B1 host=nodeaudible01 gpu=NVIDIA A100-SXM4-40GB git=960104e77dd897c7e695924da2e3bff45968cb10
Phase B1 synthetic self-tests: PASS
Phase B1 independent verifier self-tests: PASS
{
  "normalized_input_sha256": "d0e17a3513196666a3da2b19cec5e5a1f3f87d78500ea0e656d8ec238481734e",
  "objects": 10,
  "phase": "B1_pre_endpoint_checksum_canary",
  "results": [
    {
      "expected_feature_sha256": "e4b5f700795990df0045e2be6cd18d89548c930475e5df0f70f35e0f71f7f558",
      "input_sha256": "d0e17a3513196666a3da2b19cec5e5a1f3f87d78500ea0e656d8ec238481734e",
      "observed_feature_sha256": "e4b5f700795990df0045e2be6cd18d89548c930475e5df0f70f35e0f71f7f558",
      "pass": true,
      "repeat_max_abs_diff": 0.0,
      "tag": "random"
    },
    {
      "expected_feature_sha256": "e8d236c8f13aeb640ff60b8225906ff14f3ea31146064223ca9bb1d4df86736a",
      "input_sha256": "d0e17a3513196666a3da2b19cec5e5a1f3f87d78500ea0e656d8ec238481734e",
      "observed_feature_sha256": "e8d236c8f13aeb640ff60b8225906ff14f3ea31146064223ca9bb1d4df86736a",
      "pass": true,
      "repeat_max_abs_diff": 0.0,
      "tag": "released"
    },
    {
      "expected_feature_sha256": "594ac2b815637987d947942679e9d8e2204e14609fabbee748b7fe3d550d0800",
      "input_sha256": "d0e17a3513196666a3da2b19cec5e5a1f3f87d78500ea0e656d8ec238481734e",
      "observed_feature_sha256": "594ac2b815637987d947942679e9d8e2204e14609fabbee748b7fe3d550d0800",
      "pass": true,
      "repeat_max_abs_diff": 0.0,
      "tag": "H200_s0"
    },
    {
      "expected_feature_sha256": "202ee7c1c308dcbfec6e422382484217a75f3e5c188825c6cc78bc240c2ebdeb",
      "input_sha256": "d0e17a3513196666a3da2b19cec5e5a1f3f87d78500ea0e656d8ec238481734e",
      "observed_feature_sha256": "202ee7c1c308dcbfec6e422382484217a75f3e5c188825c6cc78bc240c2ebdeb",
      "pass": true,
      "repeat_max_abs_diff": 0.0,
      "tag": "H200_s1"
    },
    {
      "expected_feature_sha256": "7d5c60b5423e72935e536583774f540acd7195c3ed6d46f6ce006b32cb70554f",
      "input_sha256": "d0e17a3513196666a3da2b19cec5e5a1f3f87d78500ea0e656d8ec238481734e",
      "observed_feature_sha256": "7d5c60b5423e72935e536583774f540acd7195c3ed6d46f6ce006b32cb70554f",
      "pass": true,
      "repeat_max_abs_diff": 0.0,
      "tag": "H500_s0"
    },
    {
      "expected_feature_sha256": "242516d21dd60b1acde9ed16a53fcdde61a3881d4563bce423fc4e9416703bc5",
      "input_sha256": "d0e17a3513196666a3da2b19cec5e5a1f3f87d78500ea0e656d8ec238481734e",
      "observed_feature_sha256": "242516d21dd60b1acde9ed16a53fcdde61a3881d4563bce423fc4e9416703bc5",
      "pass": true,
      "repeat_max_abs_diff": 0.0,
      "tag": "H500_s1"
    },
    {
      "expected_feature_sha256": "09b28f40ea465fc5e0b39fae5be93ed877a79ebef3467f463df530baa7d17b6a",
      "input_sha256": "d0e17a3513196666a3da2b19cec5e5a1f3f87d78500ea0e656d8ec238481734e",
      "observed_feature_sha256": "09b28f40ea465fc5e0b39fae5be93ed877a79ebef3467f463df530baa7d17b6a",
      "pass": true,
      "repeat_max_abs_diff": 0.0,
      "tag": "H1000_s0"
    },
    {
      "expected_feature_sha256": "d50185d13c3bdfa5b535f7d4d6d918003b6b068300f340f62b08870a8fe15c6e",
      "input_sha256": "d0e17a3513196666a3da2b19cec5e5a1f3f87d78500ea0e656d8ec238481734e",
      "observed_feature_sha256": "d50185d13c3bdfa5b535f7d4d6d918003b6b068300f340f62b08870a8fe15c6e",
      "pass": true,
      "repeat_max_abs_diff": 0.0,
      "tag": "H1000_s1"
    },
    {
      "expected_feature_sha256": "0849982ffbe9c4a3d00a4b98c741dfc4878a88000304264feadf66fddbe016db",
      "input_sha256": "d0e17a3513196666a3da2b19cec5e5a1f3f87d78500ea0e656d8ec238481734e",
      "observed_feature_sha256": "0849982ffbe9c4a3d00a4b98c741dfc4878a88000304264feadf66fddbe016db",
      "pass": true,
      "repeat_max_abs_diff": 0.0,
      "tag": "H2000_s0"
    },
    {
      "expected_feature_sha256": "0bc1ab035795bad4cc6098899ad35ec33334fdf4ec10b47cdf982a883741657c",
      "input_sha256": "d0e17a3513196666a3da2b19cec5e5a1f3f87d78500ea0e656d8ec238481734e",
      "observed_feature_sha256": "0bc1ab035795bad4cc6098899ad35ec33334fdf4ec10b47cdf982a883741657c",
      "pass": true,
      "repeat_max_abs_diff": 0.0,
      "tag": "H2000_s1"
    }
  ],
  "scientific_endpoints_computed": false,
  "status": "PASS",
  "target_labels_read": false
}
FACED load=0/10332
FACED load=1000/10332
FACED load=2000/10332
FACED load=3000/10332
FACED load=4000/10332
FACED load=5000/10332
FACED load=6000/10332
FACED load=7000/10332
FACED load=8000/10332
FACED load=9000/10332
FACED load=10000/10332
B1 object=random
random feature start=0/10332
random feature start=960/10332
random feature start=1920/10332
random feature start=2880/10332
random feature start=3840/10332
random feature start=4800/10332
random feature start=5760/10332
random feature start=6720/10332
random feature start=7680/10332
random feature start=8640/10332
random feature start=9600/10332
B1 object=released
released feature start=0/10332
released feature start=960/10332
released feature start=1920/10332
released feature start=2880/10332
released feature start=3840/10332
released feature start=4800/10332
released feature start=5760/10332
released feature start=6720/10332
released feature start=7680/10332
released feature start=8640/10332
released feature start=9600/10332
B1 object=H200_s0
H200_s0 feature start=0/10332
H200_s0 feature start=960/10332
H200_s0 feature start=1920/10332
H200_s0 feature start=2880/10332
H200_s0 feature start=3840/10332
H200_s0 feature start=4800/10332
H200_s0 feature start=5760/10332
H200_s0 feature start=6720/10332
H200_s0 feature start=7680/10332
H200_s0 feature start=8640/10332
H200_s0 feature start=9600/10332
B1 object=H200_s1
H200_s1 feature start=0/10332
H200_s1 feature start=960/10332
H200_s1 feature start=1920/10332
H200_s1 feature start=2880/10332
H200_s1 feature start=3840/10332
H200_s1 feature start=4800/10332
H200_s1 feature start=5760/10332
H200_s1 feature start=6720/10332
H200_s1 feature start=7680/10332
H200_s1 feature start=8640/10332
H200_s1 feature start=9600/10332
B1 object=H500_s0
H500_s0 feature start=0/10332
H500_s0 feature start=960/10332
H500_s0 feature start=1920/10332
H500_s0 feature start=2880/10332
H500_s0 feature start=3840/10332
H500_s0 feature start=4800/10332
H500_s0 feature start=5760/10332
H500_s0 feature start=6720/10332
H500_s0 feature start=7680/10332
H500_s0 feature start=8640/10332
H500_s0 feature start=9600/10332
B1 object=H500_s1
H500_s1 feature start=0/10332
H500_s1 feature start=960/10332
H500_s1 feature start=1920/10332
H500_s1 feature start=2880/10332
H500_s1 feature start=3840/10332
H500_s1 feature start=4800/10332
H500_s1 feature start=5760/10332
H500_s1 feature start=6720/10332
H500_s1 feature start=7680/10332
H500_s1 feature start=8640/10332
H500_s1 feature start=9600/10332
B1 object=H1000_s0
H1000_s0 feature start=0/10332
H1000_s0 feature start=960/10332
H1000_s0 feature start=1920/10332
H1000_s0 feature start=2880/10332
H1000_s0 feature start=3840/10332
H1000_s0 feature start=4800/10332
H1000_s0 feature start=5760/10332
H1000_s0 feature start=6720/10332
H1000_s0 feature start=7680/10332
H1000_s0 feature start=8640/10332
H1000_s0 feature start=9600/10332
B1 object=H1000_s1
H1000_s1 feature start=0/10332
H1000_s1 feature start=960/10332
H1000_s1 feature start=1920/10332
H1000_s1 feature start=2880/10332
H1000_s1 feature start=3840/10332
H1000_s1 feature start=4800/10332
H1000_s1 feature start=5760/10332
H1000_s1 feature start=6720/10332
H1000_s1 feature start=7680/10332
H1000_s1 feature start=8640/10332
H1000_s1 feature start=9600/10332
B1 object=H2000_s0
H2000_s0 feature start=0/10332
H2000_s0 feature start=960/10332
H2000_s0 feature start=1920/10332
H2000_s0 feature start=2880/10332
H2000_s0 feature start=3840/10332
H2000_s0 feature start=4800/10332
H2000_s0 feature start=5760/10332
H2000_s0 feature start=6720/10332
H2000_s0 feature start=7680/10332
H2000_s0 feature start=8640/10332
H2000_s0 feature start=9600/10332
B1 object=H2000_s1
H2000_s1 feature start=0/10332
H2000_s1 feature start=960/10332
H2000_s1 feature start=1920/10332
H2000_s1 feature start=2880/10332
H2000_s1 feature start=3840/10332
H2000_s1 feature start=4800/10332
H2000_s1 feature start=5760/10332
H2000_s1 feature start=6720/10332
H2000_s1 feature start=7680/10332
H2000_s1 feature start=8640/10332
H2000_s1 feature start=9600/10332
B1 geometry bootstrap start
B1 geometry bootstrap complete tag=random
B1 geometry bootstrap complete tag=released
B1 geometry bootstrap complete tag=H200_s0
B1 geometry bootstrap complete tag=H200_s1
B1 geometry bootstrap complete tag=H500_s0
B1 geometry bootstrap complete tag=H500_s1
B1 geometry bootstrap complete tag=H1000_s0
B1 geometry bootstrap complete tag=H1000_s1
B1 geometry bootstrap complete tag=H2000_s0
B1 geometry bootstrap complete tag=H2000_s1
B1 variance bootstrap start
