job_id=890630
job_name=h2p7-lee-clean-18-35
launch_commit=ab93820db4bcf08e0a44827272d82328e86376a2
manifest_hash=231246def0ac1dd8cef02920b77502767467738a839ca0a99673117df31b6d8e
runner_dirty_allowed=false
command_line=/home/infres/yinwang/anaconda3/envs/icml/bin/python -m h2cmi.run_w1_repaired_p0 --manifest h2cmi/results/review_completion/w1_repaired_split_manifest.csv --manifest-hash 231246def0ac1dd8cef02920b77502767467738a839ca0a99673117df31b6d8e --dataset Lee2019_MI --folds 18-35 --seeds 0,1,2 --new-root results/h2cmi/p7_w1_repaired_bundles --out h2cmi/results/review_completion/w1_repaired_h2cmi_shards/h2p7-lee-clean-18-35.jsonl --epochs 40 --device cuda
repo_status_porcelain_begin
repo_status_porcelain_end
runner_sha256=a21a8f31e579183e3588c8079b433594ef9d80167cb31cb349ae2b486dbc659a
manifest_csv_sha256=e9ebe6e9421bdcf10f8a952623285cec0842f5cb6b868e8147f13dde23e8a712
Thu Jul  9 12:59:23 2026
+-----------------------------------------------------------------------------------------+
| NVIDIA-SMI 580.126.18             Driver Version: 580.126.18     CUDA Version: 13.0     |
+-----------------------------------------+------------------------+----------------------+
| GPU  Name                 Persistence-M | Bus-Id          Disp.A | Volatile Uncorr. ECC |
| Fan  Temp   Perf          Pwr:Usage/Cap |           Memory-Usage | GPU-Util  Compute M. |
|                                         |                        |               MIG M. |
|=========================================+========================+======================|
|   0  Tesla V100S-PCIE-32GB          Off |   00000000:3B:00.0 Off |                    0 |
| N/A   28C    P0             24W /  250W |       0MiB /  32768MiB |      0%      Default |
|                                         |                        |                  N/A |
+-----------------------------------------+------------------------+----------------------+

+-----------------------------------------------------------------------------------------+
| Processes:                                                                              |
|  GPU   GI   CI              PID   Type   Process name                        GPU Memory |
|        ID   ID                                                               Usage      |
|=========================================================================================|
|  No running processes found                                                             |
+-----------------------------------------------------------------------------------------+
Adding metadata with 3 columns
Adding metadata with 3 columns
Adding metadata with 3 columns
Adding metadata with 3 columns
Adding metadata with 3 columns
Adding metadata with 3 columns
Adding metadata with 3 columns
Adding metadata with 3 columns
Adding metadata with 3 columns
Adding metadata with 3 columns
Adding metadata with 3 columns
Adding metadata with 3 columns
Adding metadata with 3 columns
Adding metadata with 3 columns
Adding metadata with 3 columns
Adding metadata with 3 columns
Adding metadata with 3 columns
Adding metadata with 3 columns
Adding metadata with 3 columns
Adding metadata with 3 columns
Adding metadata with 3 columns
Adding metadata with 3 columns
Adding metadata with 3 columns
Adding metadata with 3 columns
Adding metadata with 3 columns
Adding metadata with 3 columns
Adding metadata with 3 columns
Adding metadata with 3 columns
Adding metadata with 3 columns
Adding metadata with 3 columns
Adding metadata with 3 columns
Adding metadata with 3 columns
Adding metadata with 3 columns
Adding metadata with 3 columns
Adding metadata with 3 columns
Adding metadata with 3 columns
Adding metadata with 3 columns
Adding metadata with 3 columns
Adding metadata with 3 columns
Adding metadata with 3 columns
Adding metadata with 3 columns
Adding metadata with 3 columns
Adding metadata with 3 columns
Adding metadata with 3 columns
Adding metadata with 3 columns
Adding metadata with 3 columns
Adding metadata with 3 columns
Adding metadata with 3 columns
Adding metadata with 3 columns
Adding metadata with 3 columns
Adding metadata with 3 columns
Adding metadata with 3 columns
Adding metadata with 3 columns
Adding metadata with 3 columns
Adding metadata with 3 columns
Adding metadata with 3 columns
Adding metadata with 3 columns
Adding metadata with 3 columns
Adding metadata with 3 columns
Adding metadata with 3 columns
Adding metadata with 3 columns
Adding metadata with 3 columns
Adding metadata with 3 columns
Adding metadata with 3 columns
Adding metadata with 3 columns
Adding metadata with 3 columns
Adding metadata with 3 columns
Adding metadata with 3 columns
Adding metadata with 3 columns
Adding metadata with 3 columns
Adding metadata with 3 columns
Adding metadata with 3 columns
Adding metadata with 3 columns
Adding metadata with 3 columns
Adding metadata with 3 columns
Adding metadata with 3 columns
Adding metadata with 3 columns
Adding metadata with 3 columns
Adding metadata with 3 columns
Adding metadata with 3 columns
Adding metadata with 3 columns
Adding metadata with 3 columns
Adding metadata with 3 columns
Adding metadata with 3 columns
Adding metadata with 3 columns
Adding metadata with 3 columns
Adding metadata with 3 columns
Adding metadata with 3 columns
Adding metadata with 3 columns
Adding metadata with 3 columns
Adding metadata with 3 columns
Adding metadata with 3 columns
Adding metadata with 3 columns
Adding metadata with 3 columns
Adding metadata with 3 columns
Adding metadata with 3 columns
Adding metadata with 3 columns
Adding metadata with 3 columns
Adding metadata with 3 columns
Adding metadata with 3 columns
Adding metadata with 3 columns
Adding metadata with 3 columns
Adding metadata with 3 columns
Adding metadata with 3 columns
Adding metadata with 3 columns
Adding metadata with 3 columns
Adding metadata with 3 columns
Adding metadata with 3 columns
Adding metadata with 3 columns
10800 matching events found
No baseline correction applied
[W1_P0_REPAIRED Lee2019_MI] target=19 seeds=[0, 1, 2] done
[W1_P0_REPAIRED Lee2019_MI] target=20 seeds=[0, 1, 2] done
[W1_P0_REPAIRED Lee2019_MI] target=21 seeds=[0, 1, 2] done
[W1_P0_REPAIRED Lee2019_MI] target=22 seeds=[0, 1, 2] done
[W1_P0_REPAIRED Lee2019_MI] target=23 seeds=[0, 1, 2] done
[W1_P0_REPAIRED Lee2019_MI] target=24 seeds=[0, 1, 2] done
[W1_P0_REPAIRED Lee2019_MI] target=25 seeds=[0, 1, 2] done
[W1_P0_REPAIRED Lee2019_MI] target=26 seeds=[0, 1, 2] done
[W1_P0_REPAIRED Lee2019_MI] target=27 seeds=[0, 1, 2] done
[W1_P0_REPAIRED Lee2019_MI] target=28 seeds=[0, 1, 2] done
[W1_P0_REPAIRED Lee2019_MI] target=29 seeds=[0, 1, 2] done
[W1_P0_REPAIRED Lee2019_MI] target=30 seeds=[0, 1, 2] done
[W1_P0_REPAIRED Lee2019_MI] target=31 seeds=[0, 1, 2] done
[W1_P0_REPAIRED Lee2019_MI] target=32 seeds=[0, 1, 2] done
[W1_P0_REPAIRED Lee2019_MI] target=33 seeds=[0, 1, 2] done
[W1_P0_REPAIRED Lee2019_MI] target=34 seeds=[0, 1, 2] done
[W1_P0_REPAIRED Lee2019_MI] target=35 seeds=[0, 1, 2] done
[W1_P0_REPAIRED Lee2019_MI] target=36 seeds=[0, 1, 2] done
[W1_P0_REPAIRED] -> h2cmi/results/review_completion/w1_repaired_h2cmi_shards/h2p7-lee-clean-18-35.jsonl sha=7527674d1510
