job_id=890631
job_name=h2p7-lee-clean-36-53
launch_commit=ab93820db4bcf08e0a44827272d82328e86376a2
manifest_hash=231246def0ac1dd8cef02920b77502767467738a839ca0a99673117df31b6d8e
runner_dirty_allowed=false
command_line=/home/infres/yinwang/anaconda3/envs/icml/bin/python -m h2cmi.run_w1_repaired_p0 --manifest h2cmi/results/review_completion/w1_repaired_split_manifest.csv --manifest-hash 231246def0ac1dd8cef02920b77502767467738a839ca0a99673117df31b6d8e --dataset Lee2019_MI --folds 36-53 --seeds 0,1,2 --new-root results/h2cmi/p7_w1_repaired_bundles --out h2cmi/results/review_completion/w1_repaired_h2cmi_shards/h2p7-lee-clean-36-53.jsonl --epochs 40 --device cuda
repo_status_porcelain_begin
repo_status_porcelain_end
runner_sha256=a21a8f31e579183e3588c8079b433594ef9d80167cb31cb349ae2b486dbc659a
manifest_csv_sha256=e9ebe6e9421bdcf10f8a952623285cec0842f5cb6b868e8147f13dde23e8a712
Thu Jul  9 15:36:51 2026
+-----------------------------------------------------------------------------------------+
| NVIDIA-SMI 580.126.18             Driver Version: 580.126.18     CUDA Version: 13.0     |
+-----------------------------------------+------------------------+----------------------+
| GPU  Name                 Persistence-M | Bus-Id          Disp.A | Volatile Uncorr. ECC |
| Fan  Temp   Perf          Pwr:Usage/Cap |           Memory-Usage | GPU-Util  Compute M. |
|                                         |                        |               MIG M. |
|=========================================+========================+======================|
|   0  Tesla V100-PCIE-16GB           Off |   00000000:3B:00.0 Off |                    0 |
| N/A   42C    P0             45W /  250W |       0MiB /  16384MiB |      0%      Default |
|                                         |                        |                  N/A |
+-----------------------------------------+------------------------+----------------------+

+-----------------------------------------------------------------------------------------+
| Processes:                                                                              |
|  GPU   GI   CI              PID   Type   Process name                        GPU Memory |
|        ID   ID                                                               Usage      |
|=========================================================================================|
|  No running processes found                                                             |
+-----------------------------------------------------------------------------------------+
Adding metadata with 3 columns
Adding metadata with 3 columns
Adding metadata with 3 columns
Adding metadata with 3 columns
Adding metadata with 3 columns
Adding metadata with 3 columns
Adding metadata with 3 columns
Adding metadata with 3 columns
Adding metadata with 3 columns
Adding metadata with 3 columns
Adding metadata with 3 columns
Adding metadata with 3 columns
Adding metadata with 3 columns
Adding metadata with 3 columns
Adding metadata with 3 columns
Adding metadata with 3 columns
Adding metadata with 3 columns
Adding metadata with 3 columns
Adding metadata with 3 columns
Adding metadata with 3 columns
Adding metadata with 3 columns
Adding metadata with 3 columns
Adding metadata with 3 columns
Adding metadata with 3 columns
Adding metadata with 3 columns
Adding metadata with 3 columns
Adding metadata with 3 columns
Adding metadata with 3 columns
Adding metadata with 3 columns
Adding metadata with 3 columns
Adding metadata with 3 columns
Adding metadata with 3 columns
Adding metadata with 3 columns
Adding metadata with 3 columns
Adding metadata with 3 columns
Adding metadata with 3 columns
Adding metadata with 3 columns
Adding metadata with 3 columns
Adding metadata with 3 columns
Adding metadata with 3 columns
Adding metadata with 3 columns
Adding metadata with 3 columns
Adding metadata with 3 columns
Adding metadata with 3 columns
Adding metadata with 3 columns
Adding metadata with 3 columns
Adding metadata with 3 columns
Adding metadata with 3 columns
Adding metadata with 3 columns
Adding metadata with 3 columns
Adding metadata with 3 columns
Adding metadata with 3 columns
Adding metadata with 3 columns
Adding metadata with 3 columns
Adding metadata with 3 columns
Adding metadata with 3 columns
Adding metadata with 3 columns
Adding metadata with 3 columns
Adding metadata with 3 columns
Adding metadata with 3 columns
Adding metadata with 3 columns
Adding metadata with 3 columns
Adding metadata with 3 columns
Adding metadata with 3 columns
Adding metadata with 3 columns
Adding metadata with 3 columns
Adding metadata with 3 columns
Adding metadata with 3 columns
Adding metadata with 3 columns
Adding metadata with 3 columns
Adding metadata with 3 columns
Adding metadata with 3 columns
Adding metadata with 3 columns
Adding metadata with 3 columns
Adding metadata with 3 columns
Adding metadata with 3 columns
Adding metadata with 3 columns
Adding metadata with 3 columns
Adding metadata with 3 columns
Adding metadata with 3 columns
Adding metadata with 3 columns
Adding metadata with 3 columns
Adding metadata with 3 columns
Adding metadata with 3 columns
Adding metadata with 3 columns
Adding metadata with 3 columns
Adding metadata with 3 columns
Adding metadata with 3 columns
Adding metadata with 3 columns
Adding metadata with 3 columns
Adding metadata with 3 columns
Adding metadata with 3 columns
Adding metadata with 3 columns
Adding metadata with 3 columns
Adding metadata with 3 columns
Adding metadata with 3 columns
Adding metadata with 3 columns
Adding metadata with 3 columns
Adding metadata with 3 columns
Adding metadata with 3 columns
Adding metadata with 3 columns
Adding metadata with 3 columns
Adding metadata with 3 columns
Adding metadata with 3 columns
Adding metadata with 3 columns
Adding metadata with 3 columns
Adding metadata with 3 columns
Adding metadata with 3 columns
Adding metadata with 3 columns
10800 matching events found
No baseline correction applied
[W1_P0_REPAIRED Lee2019_MI] target=37 seeds=[0, 1, 2] done
[W1_P0_REPAIRED Lee2019_MI] target=38 seeds=[0, 1, 2] done
[W1_P0_REPAIRED Lee2019_MI] target=39 seeds=[0, 1, 2] done
[W1_P0_REPAIRED Lee2019_MI] target=40 seeds=[0, 1, 2] done
[W1_P0_REPAIRED Lee2019_MI] target=41 seeds=[0, 1, 2] done
[W1_P0_REPAIRED Lee2019_MI] target=42 seeds=[0, 1, 2] done
[W1_P0_REPAIRED Lee2019_MI] target=43 seeds=[0, 1, 2] done
[W1_P0_REPAIRED Lee2019_MI] target=44 seeds=[0, 1, 2] done
[W1_P0_REPAIRED Lee2019_MI] target=45 seeds=[0, 1, 2] done
[W1_P0_REPAIRED Lee2019_MI] target=46 seeds=[0, 1, 2] done
[W1_P0_REPAIRED Lee2019_MI] target=47 seeds=[0, 1, 2] done
[W1_P0_REPAIRED Lee2019_MI] target=48 seeds=[0, 1, 2] done
[W1_P0_REPAIRED Lee2019_MI] target=49 seeds=[0, 1, 2] done
[W1_P0_REPAIRED Lee2019_MI] target=50 seeds=[0, 1, 2] done
[W1_P0_REPAIRED Lee2019_MI] target=51 seeds=[0, 1, 2] done
[W1_P0_REPAIRED Lee2019_MI] target=52 seeds=[0, 1, 2] done
[W1_P0_REPAIRED Lee2019_MI] target=53 seeds=[0, 1, 2] done
[W1_P0_REPAIRED Lee2019_MI] target=54 seeds=[0, 1, 2] done
[W1_P0_REPAIRED] -> h2cmi/results/review_completion/w1_repaired_h2cmi_shards/h2p7-lee-clean-36-53.jsonl sha=b9192d553cd2
