Route B FACED downstream phase=probe host=node42 git=91cdee15d6fcb44b1023f863a9751c141ff72118
 M results/s2p_route_b_33ch_b1_faced/faced_probe_job_id.txt
?? results/s2p_route_b_33ch_b1_faced/logs/faced-891454.err
?? results/s2p_route_b_33ch_b1_faced/logs/faced-891454.out
Tesla V100-PCIE-32GB, 32768 MiB
loading FACED from /projects/EEG-foundation-model/FACED_data/processed
FACED loaded shape=(10332, 32, 10, 200) labels=[0, 1, 2, 3, 4, 5, 6, 7, 8]
FACED audit tag=random ckpt=random
extract start=0 / 10332
extract start=480 / 10332
extract start=960 / 10332
extract start=1440 / 10332
extract start=1920 / 10332
extract start=2400 / 10332
extract start=2880 / 10332
extract start=3360 / 10332
extract start=3840 / 10332
extract start=4320 / 10332
extract start=4800 / 10332
extract start=5280 / 10332
extract start=5760 / 10332
extract start=6240 / 10332
extract start=6720 / 10332
extract start=7200 / 10332
extract start=7680 / 10332
extract start=8160 / 10332
extract start=8640 / 10332
extract start=9120 / 10332
extract start=9600 / 10332
extract start=10080 / 10332
random: target_kappa=0.0285 target_bacc=0.1371 source_val_kappa=0.0364 L1=0.7806
FACED audit tag=released ckpt=/home/infres/yinwang/eeg2025/NIPS/Cbramod_pretrained_weights.pth
extract start=0 / 10332
extract start=480 / 10332
extract start=960 / 10332
extract start=1440 / 10332
extract start=1920 / 10332
extract start=2400 / 10332
extract start=2880 / 10332
extract start=3360 / 10332
extract start=3840 / 10332
extract start=4320 / 10332
extract start=4800 / 10332
extract start=5280 / 10332
extract start=5760 / 10332
extract start=6240 / 10332
extract start=6720 / 10332
extract start=7200 / 10332
extract start=7680 / 10332
extract start=8160 / 10332
extract start=8640 / 10332
extract start=9120 / 10332
extract start=9600 / 10332
extract start=10080 / 10332
released: target_kappa=0.0755 target_bacc=0.1763 source_val_kappa=0.0854 L1=0.9763
FACED audit tag=H1000_s0 ckpt=/home/infres/yinwang/CMI_AAAI_s2p_b1_launch/results/s2p_route_b_33ch_b1/H1000_s0/best.pth
extract start=0 / 10332
extract start=480 / 10332
extract start=960 / 10332
extract start=1440 / 10332
extract start=1920 / 10332
extract start=2400 / 10332
extract start=2880 / 10332
extract start=3360 / 10332
extract start=3840 / 10332
extract start=4320 / 10332
extract start=4800 / 10332
extract start=5280 / 10332
extract start=5760 / 10332
extract start=6240 / 10332
extract start=6720 / 10332
extract start=7200 / 10332
extract start=7680 / 10332
extract start=8160 / 10332
extract start=8640 / 10332
extract start=9120 / 10332
extract start=9600 / 10332
extract start=10080 / 10332
H1000_s0: target_kappa=0.0645 target_bacc=0.1668 source_val_kappa=0.0874 L1=0.9880
FACED audit tag=H1000_s1 ckpt=/home/infres/yinwang/CMI_AAAI_s2p_b1_launch/results/s2p_route_b_33ch_b1/H1000_s1/best.pth
extract start=0 / 10332
extract start=480 / 10332
extract start=960 / 10332
extract start=1440 / 10332
extract start=1920 / 10332
extract start=2400 / 10332
extract start=2880 / 10332
extract start=3360 / 10332
extract start=3840 / 10332
extract start=4320 / 10332
extract start=4800 / 10332
extract start=5280 / 10332
extract start=5760 / 10332
extract start=6240 / 10332
extract start=6720 / 10332
extract start=7200 / 10332
extract start=7680 / 10332
extract start=8160 / 10332
extract start=8640 / 10332
extract start=9120 / 10332
extract start=9600 / 10332
extract start=10080 / 10332
H1000_s1: target_kappa=0.0701 target_bacc=0.1738 source_val_kappa=0.0889 L1=0.9891
{
  "codebrain_used": false,
  "downstream_dataset": "FACED",
  "elapsed_s": 1037.6,
  "evaluated_budgets_h": [
    1000
  ],
  "evaluated_seeds": [
    0,
    1
  ],
  "fine_tuning_used": false,
  "floor_crossed_bacc": true,
  "floor_crossed_kappa": true,
  "h1000_mean": {
    "target_bacc": 0.17028985507246375,
    "target_kappa": 0.06732629505148868,
    "target_weighted_f1": 0.16754581373204339
  },
  "h2000_included": false,
  "not_full_finetuning_reproduction": true,
  "phase": "probe",
  "primary_metric": "cohen_kappa",
  "probe_gate_pass": true,
  "protocol": "frozen_encoder_source_only_probe",
  "random_reference": {
    "source_val_bacc": 0.14459876543209876,
    "source_val_kappa": 0.03636232545843443,
    "target_bacc": 0.13714439076757917,
    "target_kappa": 0.0285368348537669
  },
  "released_gap": {
    "best_tag": "H1000_s1",
    "released_minus_best_target_bacc": 0.0025496511003757494,
    "released_minus_best_target_kappa": 0.005358841655773716
  },
  "released_reference": {
    "source_val_bacc": 0.18564814814814812,
    "source_val_kappa": 0.0853544215561377,
    "target_bacc": 0.17632850241545894,
    "target_kappa": 0.07547169811320742
  },
  "target_labels_used_for_selection": false,
  "test_subjects": "101-123",
  "train_subjects": "1-80",
  "val_subjects": "81-100"
}
