Route B FACED immutable H2000 re-audit host=node42 git=5da99c70659dd2c5723ea168d770bfac33781388
?? results/s2p_route_b_33ch_b1_faced/logs/faced-h2000-immutable-892861.err
?? results/s2p_route_b_33ch_b1_faced/logs/faced-h2000-immutable-892861.out
Tesla V100-PCIE-32GB, 32768 MiB
loading FACED from /projects/EEG-foundation-model/FACED_data/processed
FACED loaded shape=(10332, 32, 10, 200) labels=[0, 1, 2, 3, 4, 5, 6, 7, 8]
FACED D2-2 audit tag=H2000_s0 ckpt=/home/infres/yinwang/CMI_AAAI_s2p_b1_launch/results/s2p_route_b_33ch_b1_immutable/H2000_s0/best.pth
extract start=0 / 10332
extract start=480 / 10332
extract start=960 / 10332
extract start=1440 / 10332
extract start=1920 / 10332
extract start=2400 / 10332
extract start=2880 / 10332
extract start=3360 / 10332
extract start=3840 / 10332
extract start=4320 / 10332
extract start=4800 / 10332
extract start=5280 / 10332
extract start=5760 / 10332
extract start=6240 / 10332
extract start=6720 / 10332
extract start=7200 / 10332
extract start=7680 / 10332
extract start=8160 / 10332
extract start=8640 / 10332
extract start=9120 / 10332
extract start=9600 / 10332
extract start=10080 / 10332
H2000_s0: target_kappa=0.0682 target_bacc=0.1707 source_val_kappa=0.0764 L1=0.9922
FACED D2-2 audit tag=H2000_s1 ckpt=/home/infres/yinwang/CMI_AAAI_s2p_b1_launch/results/s2p_route_b_33ch_b1_immutable/H2000_s1/best.pth
extract start=0 / 10332
extract start=480 / 10332
extract start=960 / 10332
extract start=1440 / 10332
extract start=1920 / 10332
extract start=2400 / 10332
extract start=2880 / 10332
extract start=3360 / 10332
extract start=3840 / 10332
extract start=4320 / 10332
extract start=4800 / 10332
extract start=5280 / 10332
extract start=5760 / 10332
extract start=6240 / 10332
extract start=6720 / 10332
extract start=7200 / 10332
extract start=7680 / 10332
extract start=8160 / 10332
extract start=8640 / 10332
extract start=9120 / 10332
extract start=9600 / 10332
extract start=10080 / 10332
H2000_s1: target_kappa=0.0725 target_bacc=0.1753 source_val_kappa=0.0866 L1=0.9908
{
  "best_budget_descriptive": {
    "budget_h": 500,
    "descriptive_only_not_optimality_claim": true,
    "mean_target_bacc": 0.1747181964573269,
    "mean_target_kappa": 0.07235083341954623
  },
  "budget_means": {
    "1000": {
      "n": 2,
      "source_val_kappa_mean": 0.08814974250207225,
      "target_bacc_mean": 0.17028985507246375,
      "target_bacc_sd": 0.0034889962426194465,
      "target_kappa_mean": 0.06732629505148868,
      "target_kappa_sd": 0.0027865614059450206,
      "target_weighted_f1_mean": 0.16754581373204339
    },
    "200": {
      "n": 2,
      "source_val_kappa_mean": 0.06990795351883311,
      "target_bacc_mean": 0.14888620504562533,
      "target_bacc_sd": 0.00516639828234032,
      "target_kappa_mean": 0.04225368680651048,
      "target_kappa_sd": 0.006017567577989158,
      "target_weighted_f1_mean": 0.1464431388906181
    },
    "2000": {
      "n": 2,
      "source_val_kappa_mean": 0.08145368020867227,
      "target_bacc_mean": 0.17297369833601717,
      "target_bacc_sd": 0.0022812667740203935,
      "target_kappa_mean": 0.07037784561507299,
      "target_kappa_sd": 0.0021718287879992637,
      "target_weighted_f1_mean": 0.16999285786825144
    },
    "500": {
      "n": 2,
      "source_val_kappa_mean": 0.08517560360793858,
      "target_bacc_mean": 0.1747181964573269,
      "target_bacc_sd": 0.004159957058507788,
      "target_kappa_mean": 0.07235083341954623,
      "target_kappa_sd": 0.005022283444575504,
      "target_weighted_f1_mean": 0.17396698184875364
    }
  },
  "codebrain_used": false,
  "downstream_dataset": "FACED",
  "elapsed_s": 2043.5,
  "evaluated_budgets_h": [
    200,
    500,
    1000,
    2000
  ],
  "evaluated_seeds": [
    0,
    1
  ],
  "fine_tuning_used": false,
  "floor_crossed_bacc": true,
  "floor_crossed_by_1000": true,
  "floor_crossed_by_2000": true,
  "floor_crossed_kappa": true,
  "full_finetuning_reproduction": false,
  "h1000_mean": {
    "target_bacc": 0.17028985507246375,
    "target_kappa": 0.06732629505148868,
    "target_weighted_f1": 0.16754581373204339
  },
  "h2000_checkpoint_provenance": "immutable_sha256_pinned",
  "h2000_checkpoint_sha256_by_tag": {
    "H2000_s0": "3c2f568d807e36267f4376ee8b33ce522a41f4dccc094f56f825d7d9f1f896eb",
    "H2000_s1": "492da560503d500bc59d7cd759b7b809cefb473ee6f78c07523fc407b51aa40f"
  },
  "h2000_included": true,
  "h2000_mean": {
    "target_bacc": 0.17297369833601717,
    "target_kappa": 0.07037784561507299,
    "target_weighted_f1": 0.16999285786825144
  },
  "h2000_seed_difference": {
    "target_bacc_s1_minus_s0": 0.004562533548040787,
    "target_kappa_s1_minus_s0": 0.004343657575998527
  },
  "h4000_included": false,
  "historical_mutable_d2_2_superseded": true,
  "l1_ceiling_saturated": true,
  "monotonic_scaling_established": false,
  "not_full_finetuning_reproduction": true,
  "phase": "h2000_immutable_reaudit",
  "primary_metric": "cohen_kappa",
  "protocol": "frozen_encoder_source_only_probe",
  "random_reference": {
    "source_val_bacc": 0.14459876543209876,
    "source_val_kappa": 0.03636232545843443,
    "target_bacc": 0.13714439076757917,
    "target_kappa": 0.0285368348537669
  },
  "released_band_reached": true,
  "released_band_rule": "budget mean within 0.005 of released Kappa or bAcc; descriptive band, not superiority claim",
  "released_gap_h2000_mean": {
    "released_minus_h2000_mean_bacc": 0.0033548040794417755,
    "released_minus_h2000_mean_kappa": 0.005093852498134432
  },
  "released_reference": {
    "source_val_bacc": 0.18564814814814812,
    "source_val_kappa": 0.0853544215561377,
    "target_bacc": 0.17632850241545894,
    "target_kappa": 0.07547169811320742
  },
  "target_labels_used_for_selection": false,
  "test_subjects": "101-123",
  "train_subjects": "1-80",
  "val_subjects": "81-100"
}
