Route B FACED H2000 downstream update host=node15 git=9e3ff0e567c4d4be702f1607b8340037db3490ce
?? results/s2p_route_b_33ch_b1_faced/faced_h2000_job_id.txt
?? results/s2p_route_b_33ch_b1_faced/logs/faced-h2000-891546.err
?? results/s2p_route_b_33ch_b1_faced/logs/faced-h2000-891546.out
Tesla V100S-PCIE-32GB, 32768 MiB
loading FACED from /projects/EEG-foundation-model/FACED_data/processed
FACED loaded shape=(10332, 32, 10, 200) labels=[0, 1, 2, 3, 4, 5, 6, 7, 8]
FACED D2-2 audit tag=H2000_s0 ckpt=/home/infres/yinwang/CMI_AAAI_s2p_b1_launch/results/s2p_route_b_33ch_b1/H2000_s0/best.pth
extract start=0 / 10332
extract start=480 / 10332
extract start=960 / 10332
extract start=1440 / 10332
extract start=1920 / 10332
extract start=2400 / 10332
extract start=2880 / 10332
extract start=3360 / 10332
extract start=3840 / 10332
extract start=4320 / 10332
extract start=4800 / 10332
extract start=5280 / 10332
extract start=5760 / 10332
extract start=6240 / 10332
extract start=6720 / 10332
extract start=7200 / 10332
extract start=7680 / 10332
extract start=8160 / 10332
extract start=8640 / 10332
extract start=9120 / 10332
extract start=9600 / 10332
extract start=10080 / 10332
H2000_s0: target_kappa=0.0778 target_bacc=0.1795 source_val_kappa=0.0959 L1=0.9928
FACED D2-2 audit tag=H2000_s1 ckpt=/home/infres/yinwang/CMI_AAAI_s2p_b1_launch/results/s2p_route_b_33ch_b1/H2000_s1/best.pth
extract start=0 / 10332
extract start=480 / 10332
extract start=960 / 10332
extract start=1440 / 10332
extract start=1920 / 10332
extract start=2400 / 10332
extract start=2880 / 10332
extract start=3360 / 10332
extract start=3840 / 10332
extract start=4320 / 10332
extract start=4800 / 10332
extract start=5280 / 10332
extract start=5760 / 10332
extract start=6240 / 10332
extract start=6720 / 10332
extract start=7200 / 10332
extract start=7680 / 10332
extract start=8160 / 10332
extract start=8640 / 10332
extract start=9120 / 10332
extract start=9600 / 10332
extract start=10080 / 10332
H2000_s1: target_kappa=0.0801 target_bacc=0.1806 source_val_kappa=0.0857 L1=0.9922
{
  "best_budget_descriptive": {
    "budget_h": 2000,
    "descriptive_only_not_optimality_claim": true,
    "mean_target_bacc": 0.18008588298443373,
    "mean_target_kappa": 0.0789308315851821
  },
  "budget_means": {
    "1000": {
      "n": 2,
      "source_val_kappa_mean": 0.08814974250207225,
      "target_bacc_mean": 0.17028985507246375,
      "target_bacc_sd": 0.0034889962426194465,
      "target_kappa_mean": 0.06732629505148868,
      "target_kappa_sd": 0.0027865614059450206,
      "target_weighted_f1_mean": 0.16754581373204339
    },
    "200": {
      "n": 2,
      "source_val_kappa_mean": 0.06990795351883311,
      "target_bacc_mean": 0.14888620504562533,
      "target_bacc_sd": 0.00516639828234032,
      "target_kappa_mean": 0.04225368680651048,
      "target_kappa_sd": 0.006017567577989158,
      "target_weighted_f1_mean": 0.1464431388906181
    },
    "2000": {
      "n": 2,
      "source_val_kappa_mean": 0.09080045028761752,
      "target_bacc_mean": 0.18008588298443373,
      "target_bacc_sd": 0.0005367686527106702,
      "target_kappa_mean": 0.0789308315851821,
      "target_kappa_sd": 0.0011284870855783335,
      "target_weighted_f1_mean": 0.17677289341752359
    },
    "500": {
      "n": 2,
      "source_val_kappa_mean": 0.08517560360793858,
      "target_bacc_mean": 0.1747181964573269,
      "target_bacc_sd": 0.004159957058507788,
      "target_kappa_mean": 0.07235083341954623,
      "target_kappa_sd": 0.005022283444575504,
      "target_weighted_f1_mean": 0.17396698184875364
    }
  },
  "codebrain_used": false,
  "downstream_dataset": "FACED",
  "elapsed_s": 957.5,
  "evaluated_budgets_h": [
    200,
    500,
    1000,
    2000
  ],
  "evaluated_seeds": [
    0,
    1
  ],
  "fine_tuning_used": false,
  "floor_crossed_bacc": true,
  "floor_crossed_by_1000": true,
  "floor_crossed_by_2000": true,
  "floor_crossed_kappa": true,
  "full_finetuning_reproduction": false,
  "h1000_mean": {
    "target_bacc": 0.17028985507246375,
    "target_kappa": 0.06732629505148868,
    "target_weighted_f1": 0.16754581373204339
  },
  "h2000_included": true,
  "h2000_mean": {
    "target_bacc": 0.18008588298443373,
    "target_kappa": 0.0789308315851821,
    "target_weighted_f1": 0.17677289341752359
  },
  "h2000_seed_difference": {
    "target_bacc_s1_minus_s0": 0.0010735373054213404,
    "target_kappa_s1_minus_s0": 0.002256974171156667
  },
  "h4000_included": false,
  "l1_ceiling_saturated": true,
  "monotonic_scaling_established": false,
  "not_full_finetuning_reproduction": true,
  "phase": "h2000_update",
  "primary_metric": "cohen_kappa",
  "protocol": "frozen_encoder_source_only_probe",
  "random_reference": {
    "source_val_bacc": 0.14459876543209876,
    "source_val_kappa": 0.03636232545843443,
    "target_bacc": 0.13714439076757917,
    "target_kappa": 0.0285368348537669
  },
  "released_band_reached": true,
  "released_band_rule": "budget mean within 0.005 of released Kappa or bAcc; descriptive band, not superiority claim",
  "released_gap_h2000_mean": {
    "released_minus_h2000_mean_bacc": -0.0037573805689747886,
    "released_minus_h2000_mean_kappa": -0.0034591334719746847
  },
  "released_reference": {
    "source_val_bacc": 0.18564814814814812,
    "source_val_kappa": 0.0853544215561377,
    "target_bacc": 0.17632850241545894,
    "target_kappa": 0.07547169811320742
  },
  "target_labels_used_for_selection": false,
  "test_subjects": "101-123",
  "train_subjects": "1-80",
  "val_subjects": "81-100"
}
