Phase B1-Core host=nodeaudible01 gpu=NVIDIA A100-SXM4-40GB git=a04ed63e8afce79d71a836482b2be372af018dea
Phase B1 synthetic self-tests: PASS
Frozen source replay self-test: PASS commit=960104e77dd897c7e695924da2e3bff45968cb10 sha256=6574301ca95efe98ee75748a3481a9f55dcd0747af758f4836ae2f39b8d4962f
Phase B1 independent verifier self-tests: PASS
Phase B1-Core verifier self-tests: PASS
Phase B1 synthetic self-tests: PASS
FACED load=0/10332
FACED load=1000/10332
FACED load=2000/10332
FACED load=3000/10332
FACED load=4000/10332
FACED load=5000/10332
FACED load=6000/10332
FACED load=7000/10332
FACED load=8000/10332
FACED load=9000/10332
FACED load=10000/10332
B1 object=random
random feature start=0/10332
random feature start=960/10332
random feature start=1920/10332
random feature start=2880/10332
random feature start=3840/10332
random feature start=4800/10332
random feature start=5760/10332
random feature start=6720/10332
random feature start=7680/10332
random feature start=8640/10332
random feature start=9600/10332
B1 object=released
released feature start=0/10332
released feature start=960/10332
released feature start=1920/10332
released feature start=2880/10332
released feature start=3840/10332
released feature start=4800/10332
released feature start=5760/10332
released feature start=6720/10332
released feature start=7680/10332
released feature start=8640/10332
released feature start=9600/10332
B1 object=H200_s0
H200_s0 feature start=0/10332
H200_s0 feature start=960/10332
H200_s0 feature start=1920/10332
H200_s0 feature start=2880/10332
H200_s0 feature start=3840/10332
H200_s0 feature start=4800/10332
H200_s0 feature start=5760/10332
H200_s0 feature start=6720/10332
H200_s0 feature start=7680/10332
H200_s0 feature start=8640/10332
H200_s0 feature start=9600/10332
B1 object=H200_s1
H200_s1 feature start=0/10332
H200_s1 feature start=960/10332
H200_s1 feature start=1920/10332
H200_s1 feature start=2880/10332
H200_s1 feature start=3840/10332
H200_s1 feature start=4800/10332
H200_s1 feature start=5760/10332
H200_s1 feature start=6720/10332
H200_s1 feature start=7680/10332
H200_s1 feature start=8640/10332
H200_s1 feature start=9600/10332
B1 object=H500_s0
H500_s0 feature start=0/10332
H500_s0 feature start=960/10332
H500_s0 feature start=1920/10332
H500_s0 feature start=2880/10332
H500_s0 feature start=3840/10332
H500_s0 feature start=4800/10332
H500_s0 feature start=5760/10332
H500_s0 feature start=6720/10332
H500_s0 feature start=7680/10332
H500_s0 feature start=8640/10332
H500_s0 feature start=9600/10332
B1 object=H500_s1
H500_s1 feature start=0/10332
H500_s1 feature start=960/10332
H500_s1 feature start=1920/10332
H500_s1 feature start=2880/10332
H500_s1 feature start=3840/10332
H500_s1 feature start=4800/10332
H500_s1 feature start=5760/10332
H500_s1 feature start=6720/10332
H500_s1 feature start=7680/10332
H500_s1 feature start=8640/10332
H500_s1 feature start=9600/10332
B1 object=H1000_s0
H1000_s0 feature start=0/10332
H1000_s0 feature start=960/10332
H1000_s0 feature start=1920/10332
H1000_s0 feature start=2880/10332
H1000_s0 feature start=3840/10332
H1000_s0 feature start=4800/10332
H1000_s0 feature start=5760/10332
H1000_s0 feature start=6720/10332
H1000_s0 feature start=7680/10332
H1000_s0 feature start=8640/10332
H1000_s0 feature start=9600/10332
B1 object=H1000_s1
H1000_s1 feature start=0/10332
H1000_s1 feature start=960/10332
H1000_s1 feature start=1920/10332
H1000_s1 feature start=2880/10332
H1000_s1 feature start=3840/10332
H1000_s1 feature start=4800/10332
H1000_s1 feature start=5760/10332
H1000_s1 feature start=6720/10332
H1000_s1 feature start=7680/10332
H1000_s1 feature start=8640/10332
H1000_s1 feature start=9600/10332
B1 object=H2000_s0
H2000_s0 feature start=0/10332
H2000_s0 feature start=960/10332
H2000_s0 feature start=1920/10332
H2000_s0 feature start=2880/10332
H2000_s0 feature start=3840/10332
H2000_s0 feature start=4800/10332
H2000_s0 feature start=5760/10332
H2000_s0 feature start=6720/10332
H2000_s0 feature start=7680/10332
H2000_s0 feature start=8640/10332
H2000_s0 feature start=9600/10332
B1 object=H2000_s1
H2000_s1 feature start=0/10332
H2000_s1 feature start=960/10332
H2000_s1 feature start=1920/10332
H2000_s1 feature start=2880/10332
H2000_s1 feature start=3840/10332
H2000_s1 feature start=4800/10332
H2000_s1 feature start=5760/10332
H2000_s1 feature start=6720/10332
H2000_s1 feature start=7680/10332
H2000_s1 feature start=8640/10332
H2000_s1 feature start=9600/10332
B1 geometry bootstrap start
B1 geometry bootstrap complete tag=random
B1 geometry bootstrap complete tag=released
B1 geometry bootstrap complete tag=H200_s0
B1 geometry bootstrap complete tag=H200_s1
B1 geometry bootstrap complete tag=H500_s0
B1 geometry bootstrap complete tag=H500_s1
B1 geometry bootstrap complete tag=H1000_s0
B1 geometry bootstrap complete tag=H1000_s1
B1 geometry bootstrap complete tag=H2000_s0
B1 geometry bootstrap complete tag=H2000_s1
B1 variance bootstrap start
